<?xml version="1.0" encoding="UTF-8"?>
<!-- Generated by org.testng.reporters.JUnitXMLReporter -->
<testsuite hostname="Kowshic_PC" name="Test" tests="7" failures="0" timestamp="26 Feb 2017 11:25:57 GMT" time="0.16" errors="0">
  <testcase name="dance" time="0.018" classname="google.NewTest"/>
  <testcase name="f" time="0.003" classname="google.NewTest"/>
  <testcase name="f" time="0.009" classname="google.NewTest"/>
  <testcase name="show" time="0.003" classname="google.NewTest"/>
  <testcase name="f" time="0.003" classname="google.testnew"/>
  <testcase name="m" time="0.01" classname="google.testnew"/>
  <testcase name="dependsongrp" time="0.004" classname="google.NewTest"/>
</testsuite> <!-- Test -->
